-------------------------------------------------------------------------------
Test set: TestSuite
-------------------------------------------------------------------------------
Tests run: 3, Failures: 1, Errors: 0, Skipped: 0, Time elapsed: 31.119 s <<< FAILURE! - in TestSuite
LoginDDT(com.test.TestCases.TC_LoginDDT_002)  Time elapsed: 2.627 s  <<< FAILURE!
java.lang.AssertionError: expected [true] but found [false]
	at com.test.TestCases.TC_LoginDDT_002.LoginDDT(TC_LoginDDT_002.java:24)

