<?xml version="1.0" encoding="UTF-8"?>
<testng-results ignored="0" total="1" passed="1" failed="0" skipped="0">
  <reporter-output>
  </reporter-output>
  <suite started-at="2022-02-20T10:46:18Z" name="E_Banking" finished-at="2022-02-20T10:46:27Z" duration-ms="9484">
    <groups>
    </groups>
    <test started-at="2022-02-20T10:46:18Z" name="LoginCheck" finished-at="2022-02-20T10:46:27Z" duration-ms="9484">
      <class name="com.test.TestCases.TC_LoginTest_001">
        <test-method is-config="true" signature="setup(java.lang.String)[pri:0, instance:com.test.TestCases.TC_LoginTest_001@1e802ef9]" started-at="2022-02-20T10:46:18Z" name="setup" finished-at="2022-02-20T10:46:24Z" duration-ms="6671" status="PASS">
          <params>
            <param index="0">
              <value>
                <![CDATA[chrome]]>
              </value>
            </param>
          </params>
          <reporter-output>
          </reporter-output>
        </test-method> <!-- setup -->
        <test-method signature="loginTest()[pri:0, instance:com.test.TestCases.TC_LoginTest_001@1e802ef9]" started-at="2022-02-20T10:46:24Z" name="loginTest" finished-at="2022-02-20T10:46:27Z" duration-ms="2585" status="PASS">
          <reporter-output>
          </reporter-output>
        </test-method> <!-- loginTest -->
        <test-method is-config="true" signature="tearDown()[pri:0, instance:com.test.TestCases.TC_LoginTest_001@1e802ef9]" started-at="2022-02-20T10:46:27Z" name="tearDown" finished-at="2022-02-20T10:46:27Z" duration-ms="208" status="PASS">
          <reporter-output>
          </reporter-output>
        </test-method> <!-- tearDown -->
      </class> <!-- com.test.TestCases.TC_LoginTest_001 -->
    </test> <!-- LoginCheck -->
  </suite> <!-- E_Banking -->
</testng-results>
