<?xml version="1.0" encoding="UTF-8"?>
<!-- Generated by org.testng.reporters.JUnitXMLReporter -->
<testsuite ignored="0" hostname="DESKTOP-PJ6KA8H" failures="1" tests="3" name="LoginCheck" time="30.558" errors="0" timestamp="15 Feb 2022 04:26:31 GMT">
  <testcase classname="com.test.TestCases.TC_LoginDDT_002" name="LoginDDT" time="7.804"/>
  <testcase classname="com.test.TestCases.TC_LoginDDT_002" name="LoginDDT" time="2.615">
    <failure type="java.lang.AssertionError" message="expected [true] but found [false]">
      <![CDATA[java.lang.AssertionError: expected [true] but found [false]
at com.test.TestCases.TC_LoginDDT_002.LoginDDT(TC_LoginDDT_002.java:24)
... Removed 33 stack frames]]>
    </failure>
  </testcase> <!-- LoginDDT -->
  <testcase classname="com.test.TestCases.TC_LoginDDT_002" name="LoginDDT" time="7.926"/>
</testsuite> <!-- LoginCheck -->
